2018-03-20 3:33:27 - PHP Warning:  mail(): Failed to connect to mailserver at &quot;localhost&quot; port 25, verify your &quot;SMTP&quot; and &quot;smtp_port&quot; setting in php.ini or use ini_set() in D:\xampp\htdocs\opencart3\upload\system\library\mail\mail.php on line 77
2018-03-20 8:32:27 - PHP Warning:  unlink(D:/xampp/htdocs/opencart3/upload/system/storage/cache/cache.catalog.language.1521538347): Permission denied in D:\xampp\htdocs\opencart3\upload\system\library\cache\file.php on line 68
2018-03-20 8:43:49 - PHP Warning:  unlink(D:/xampp/htdocs/opencart3/upload/system/storage/cache/cache.catalog.language.1521539029): Permission denied in D:\xampp\htdocs\opencart3\upload\system\library\cache\file.php on line 68
2018-03-20 8:55:37 - PHP Notice:  Use of undefined constant ghtk - assumed 'ghtk' in D:\xampp\htdocs\opencart3\upload\catalog\model\extension\shipping\ghtk.php on line 23
2018-03-20 8:55:48 - PHP Notice:  Use of undefined constant ghtk - assumed 'ghtk' in D:\xampp\htdocs\opencart3\upload\catalog\model\extension\shipping\ghtk.php on line 23
2018-03-20 8:55:48 - PHP Warning:  unlink(D:/xampp/htdocs/opencart3/upload/system/storage/cache/cache.catalog.language.1521539748): Permission denied in D:\xampp\htdocs\opencart3\upload\system\library\cache\file.php on line 68
2018-03-20 8:56:41 - PHP Notice:  Use of undefined constant ghtk - assumed 'ghtk' in D:\xampp\htdocs\opencart3\upload\catalog\model\extension\shipping\ghtk.php on line 23
2018-03-20 8:57:47 - PHP Warning:  mail(): Failed to connect to mailserver at &quot;localhost&quot; port 25, verify your &quot;SMTP&quot; and &quot;smtp_port&quot; setting in php.ini or use ini_set() in D:\xampp\htdocs\opencart3\upload\system\library\mail\mail.php on line 77
2018-03-21 1:46:13 - PHP Notice:  Undefined index: order_id in D:\xampp\htdocs\opencart3\upload\admin\controller\extension\shipping\ghtk.php on line 110
2018-03-21 1:46:13 - PHP Notice:  Undefined index: order_id in D:\xampp\htdocs\opencart3\upload\admin\controller\extension\shipping\ghtk.php on line 111
2018-03-21 1:46:13 - PHP Notice:  Undefined variable: order_info in D:\xampp\htdocs\opencart3\upload\admin\controller\extension\shipping\ghtk.php on line 119
2018-03-21 1:46:13 - PHP Notice:  Undefined variable: products in D:\xampp\htdocs\opencart3\upload\admin\controller\extension\shipping\ghtk.php on line 122
2018-03-21 1:46:13 - PHP Notice:  Undefined variable: totals in D:\xampp\htdocs\opencart3\upload\admin\controller\extension\shipping\ghtk.php on line 125
2018-03-21 1:46:13 - PHP Notice:  Undefined variable: totals in D:\xampp\htdocs\opencart3\upload\admin\controller\extension\shipping\ghtk.php on line 127
2018-03-21 1:46:13 - PHP Warning:  Invalid argument supplied for foreach() in D:\xampp\htdocs\opencart3\upload\admin\controller\extension\shipping\ghtk.php on line 127
2018-03-21 1:46:13 - PHP Notice:  Undefined variable: order_info in D:\xampp\htdocs\opencart3\upload\admin\controller\extension\shipping\ghtk.php on line 132
2018-03-21 1:46:13 - PHP Notice:  Undefined variable: order_info in D:\xampp\htdocs\opencart3\upload\admin\controller\extension\shipping\ghtk.php on line 134
2018-03-21 1:46:13 - PHP Notice:  Undefined variable: order_info in D:\xampp\htdocs\opencart3\upload\admin\controller\extension\shipping\ghtk.php on line 135
2018-03-21 1:46:13 - PHP Notice:  Undefined variable: order_info in D:\xampp\htdocs\opencart3\upload\admin\controller\extension\shipping\ghtk.php on line 136
2018-03-21 1:46:13 - PHP Notice:  Undefined variable: order_info in D:\xampp\htdocs\opencart3\upload\admin\controller\extension\shipping\ghtk.php on line 138
2018-03-21 1:46:13 - PHP Notice:  Undefined variable: order_info in D:\xampp\htdocs\opencart3\upload\admin\controller\extension\shipping\ghtk.php on line 140
2018-03-21 1:46:13 - PHP Notice:  Undefined variable: order_info in D:\xampp\htdocs\opencart3\upload\admin\controller\extension\shipping\ghtk.php on line 141
2018-03-21 1:46:13 - PHP Notice:  Undefined variable: order_info in D:\xampp\htdocs\opencart3\upload\admin\controller\extension\shipping\ghtk.php on line 142
2018-03-21 1:46:13 - PHP Notice:  Undefined variable: order_info in D:\xampp\htdocs\opencart3\upload\admin\controller\extension\shipping\ghtk.php on line 144
2018-03-21 1:46:13 - PHP Notice:  Undefined variable: order_info in D:\xampp\htdocs\opencart3\upload\admin\controller\extension\shipping\ghtk.php on line 147
2018-03-21 1:46:13 - PHP Notice:  Undefined variable: order_info in D:\xampp\htdocs\opencart3\upload\admin\controller\extension\shipping\ghtk.php on line 148
2018-03-21 1:46:13 - PHP Notice:  Undefined variable: products in D:\xampp\htdocs\opencart3\upload\admin\controller\extension\shipping\ghtk.php on line 151
2018-03-21 1:46:13 - PHP Warning:  Invalid argument supplied for foreach() in D:\xampp\htdocs\opencart3\upload\admin\controller\extension\shipping\ghtk.php on line 151
2018-03-21 2:30:46 - PHP Notice:  Undefined index: label in D:\xampp\htdocs\opencart3\upload\admin\controller\extension\shipping\ghtk.php on line 222
2018-03-21 2:31:42 - PHP Notice:  Undefined index: label in D:\xampp\htdocs\opencart3\upload\admin\controller\extension\shipping\ghtk.php on line 222
2018-03-21 2:32:46 - PHP Notice:  Undefined index: label in D:\xampp\htdocs\opencart3\upload\admin\controller\extension\shipping\ghtk.php on line 222
2018-03-21 3:02:55 - PHP Notice:  Undefined index: order in D:\xampp\htdocs\opencart3\upload\admin\controller\extension\shipping\ghtk.php on line 275
2018-03-21 7:14:18 - PHP Notice:  Undefined index: api_token in D:\xampp\htdocs\opencart3\upload\catalog\controller\startup\session.php on line 8
2018-03-21 7:14:18 - PHP Notice:  Undefined index: label_id in D:\xampp\htdocs\opencart3\upload\catalog\controller\api\ghtk.php on line 9
2018-03-21 7:14:18 - PHP Notice:  Undefined index: partner_id in D:\xampp\htdocs\opencart3\upload\catalog\controller\api\ghtk.php on line 9
2018-03-21 7:16:50 - PHP Notice:  Undefined index: api_token in D:\xampp\htdocs\opencart3\upload\catalog\controller\startup\session.php on line 8
2018-03-21 7:20:21 - PHP Notice:  Undefined index: label_id in D:\xampp\htdocs\opencart3\upload\catalog\controller\ghtk\api.php on line 9
2018-03-21 7:20:21 - PHP Notice:  Undefined index: partner_id in D:\xampp\htdocs\opencart3\upload\catalog\controller\ghtk\api.php on line 9
2018-03-21 10:30:48 - PHP Warning:  mail(): Failed to connect to mailserver at &quot;localhost&quot; port 25, verify your &quot;SMTP&quot; and &quot;smtp_port&quot; setting in php.ini or use ini_set() in D:\xampp\htdocs\opencart3\upload\system\library\mail\mail.php on line 77
2018-03-21 10:32:25 - PHP Warning:  mail(): Failed to connect to mailserver at &quot;localhost&quot; port 25, verify your &quot;SMTP&quot; and &quot;smtp_port&quot; setting in php.ini or use ini_set() in D:\xampp\htdocs\opencart3\upload\system\library\mail\mail.php on line 77
2018-03-21 11:54:17 - PHP Notice:  Undefined index: totals in D:\xampp\htdocs\opencart3\upload\catalog\controller\checkout\shipping_method.php on line 141
2018-03-21 11:57:01 - PHP Notice:  Undefined index: totals in D:\xampp\htdocs\opencart3\upload\catalog\controller\checkout\shipping_method.php on line 141
2018-03-21 11:58:18 - PHP Notice:  Undefined index: totals in D:\xampp\htdocs\opencart3\upload\catalog\controller\checkout\shipping_method.php on line 141
2018-03-23 10:11:36 - PHP Notice:  Undefined index: total in D:\xampp\htdocs\opencart3\upload\admin\model\wallet\credit.php on line 335
2018-03-23 10:16:15 - PHP Notice:  Undefined index: total in D:\xampp\htdocs\opencart3\upload\admin\model\wallet\credit.php on line 335
2018-03-23 10:20:50 - PHP Notice:  Undefined index: total in D:\xampp\htdocs\opencart3\upload\admin\model\wallet\credit.php on line 242
2018-03-23 10:24:04 - PHP Notice:  Undefined variable: category_total in D:\xampp\htdocs\opencart3\upload\admin\controller\wallet\credit.php on line 265
2018-03-23 10:24:04 - PHP Notice:  Undefined variable: category_total in D:\xampp\htdocs\opencart3\upload\admin\controller\wallet\credit.php on line 272
2018-03-23 10:24:04 - PHP Notice:  Undefined variable: category_total in D:\xampp\htdocs\opencart3\upload\admin\controller\wallet\credit.php on line 272
2018-03-23 10:24:04 - PHP Notice:  Undefined variable: category_total in D:\xampp\htdocs\opencart3\upload\admin\controller\wallet\credit.php on line 272
2018-03-23 10:24:04 - PHP Notice:  Undefined variable: category_total in D:\xampp\htdocs\opencart3\upload\admin\controller\wallet\credit.php on line 272
2018-03-23 10:24:04 - PHP Notice:  Undefined variable: category_total in D:\xampp\htdocs\opencart3\upload\admin\controller\wallet\credit.php on line 272
2018-03-23 10:24:39 - PHP Notice:  Undefined index: customer_name in D:\xampp\htdocs\opencart3\upload\admin\controller\wallet\credit.php on line 211
2018-03-23 10:24:39 - PHP Notice:  Undefined index: sort_order in D:\xampp\htdocs\opencart3\upload\admin\controller\wallet\credit.php on line 213
2018-03-23 10:24:39 - PHP Notice:  Undefined variable: category_total in D:\xampp\htdocs\opencart3\upload\admin\controller\wallet\credit.php on line 265
2018-03-23 10:24:39 - PHP Notice:  Undefined variable: category_total in D:\xampp\htdocs\opencart3\upload\admin\controller\wallet\credit.php on line 272
2018-03-23 10:24:39 - PHP Notice:  Undefined variable: category_total in D:\xampp\htdocs\opencart3\upload\admin\controller\wallet\credit.php on line 272
2018-03-23 10:24:39 - PHP Notice:  Undefined variable: category_total in D:\xampp\htdocs\opencart3\upload\admin\controller\wallet\credit.php on line 272
2018-03-23 10:24:39 - PHP Notice:  Undefined variable: category_total in D:\xampp\htdocs\opencart3\upload\admin\controller\wallet\credit.php on line 272
2018-03-23 10:24:39 - PHP Notice:  Undefined variable: category_total in D:\xampp\htdocs\opencart3\upload\admin\controller\wallet\credit.php on line 272
2018-03-23 10:27:04 - PHP Notice:  Undefined index: customer_name in D:\xampp\htdocs\opencart3\upload\admin\controller\wallet\credit.php on line 211
2018-03-23 10:27:04 - PHP Notice:  Undefined index: sort_order in D:\xampp\htdocs\opencart3\upload\admin\controller\wallet\credit.php on line 213
2018-03-23 10:27:29 - PHP Notice:  Undefined index: customer_name in D:\xampp\htdocs\opencart3\upload\admin\controller\wallet\credit.php on line 211
2018-03-23 10:43:52 - PHP Notice:  Undefined index: credits in D:\xampp\htdocs\opencart3\upload\admin\controller\wallet\credit.php on line 218
2018-03-28 15:18:12 - PHP Notice:  Undefined index: token in D:\xampp\htdocs\opencart3\upload\admin\controller\wallet\credit.php on line 116
2018-03-28 15:18:12 - PHP Notice:  Undefined index: token in D:\xampp\htdocs\opencart3\upload\admin\controller\wallet\credit.php on line 121
2018-03-28 15:18:12 - PHP Notice:  Undefined index: token in D:\xampp\htdocs\opencart3\upload\admin\controller\wallet\credit.php on line 124
2018-03-28 15:18:12 - PHP Notice:  Undefined index: token in D:\xampp\htdocs\opencart3\upload\admin\controller\wallet\credit.php on line 125
2018-03-28 15:18:12 - PHP Notice:  Undefined index: token in D:\xampp\htdocs\opencart3\upload\admin\controller\wallet\credit.php on line 126
2018-03-28 15:18:12 - PHP Notice:  Undefined index: token in D:\xampp\htdocs\opencart3\upload\admin\controller\wallet\credit.php on line 161
2018-03-28 15:18:12 - PHP Notice:  Undefined index: token in D:\xampp\htdocs\opencart3\upload\admin\controller\wallet\credit.php on line 162
2018-03-28 15:18:12 - PHP Notice:  Undefined index: token in D:\xampp\htdocs\opencart3\upload\admin\controller\wallet\credit.php on line 161
2018-03-28 15:18:12 - PHP Notice:  Undefined index: token in D:\xampp\htdocs\opencart3\upload\admin\controller\wallet\credit.php on line 162
2018-03-28 15:18:12 - PHP Notice:  Undefined index: token in D:\xampp\htdocs\opencart3\upload\admin\controller\wallet\credit.php on line 225
2018-03-28 15:18:12 - PHP Notice:  Undefined index: token in D:\xampp\htdocs\opencart3\upload\admin\controller\wallet\credit.php on line 226
2018-03-28 15:18:12 - PHP Notice:  Undefined index: token in D:\xampp\htdocs\opencart3\upload\admin\controller\wallet\credit.php on line 242
2018-03-28 15:18:12 - PHP Notice:  Undefined index: token in D:\xampp\htdocs\opencart3\upload\admin\controller\wallet\credit.php on line 251
2018-03-28 15:33:22 - PHP Notice:  Undefined index: token in D:\xampp\htdocs\opencart3\upload\admin\controller\wallet\credit.php on line 116
2018-03-28 15:33:22 - PHP Notice:  Undefined index: token in D:\xampp\htdocs\opencart3\upload\admin\controller\wallet\credit.php on line 121
2018-03-28 15:33:22 - PHP Notice:  Undefined index: token in D:\xampp\htdocs\opencart3\upload\admin\controller\wallet\credit.php on line 124
2018-03-28 15:33:22 - PHP Notice:  Undefined index: token in D:\xampp\htdocs\opencart3\upload\admin\controller\wallet\credit.php on line 125
2018-03-28 15:33:22 - PHP Notice:  Undefined index: token in D:\xampp\htdocs\opencart3\upload\admin\controller\wallet\credit.php on line 126
2018-03-28 15:33:22 - PHP Notice:  Undefined index: token in D:\xampp\htdocs\opencart3\upload\admin\controller\wallet\credit.php on line 161
2018-03-28 15:33:22 - PHP Notice:  Undefined index: token in D:\xampp\htdocs\opencart3\upload\admin\controller\wallet\credit.php on line 162
2018-03-28 15:33:22 - PHP Notice:  Undefined index: token in D:\xampp\htdocs\opencart3\upload\admin\controller\wallet\credit.php on line 161
2018-03-28 15:33:22 - PHP Notice:  Undefined index: token in D:\xampp\htdocs\opencart3\upload\admin\controller\wallet\credit.php on line 162
2018-03-28 15:33:22 - PHP Notice:  Undefined index: token in D:\xampp\htdocs\opencart3\upload\admin\controller\wallet\credit.php on line 225
2018-03-28 15:33:22 - PHP Notice:  Undefined index: token in D:\xampp\htdocs\opencart3\upload\admin\controller\wallet\credit.php on line 226
2018-03-28 15:33:22 - PHP Notice:  Undefined index: token in D:\xampp\htdocs\opencart3\upload\admin\controller\wallet\credit.php on line 242
2018-03-28 15:33:22 - PHP Notice:  Undefined index: token in D:\xampp\htdocs\opencart3\upload\admin\controller\wallet\credit.php on line 251
2018-03-28 15:35:29 - PHP Notice:  Undefined index: token in D:\xampp\htdocs\opencart3\upload\admin\controller\wallet\credit.php on line 116
2018-03-28 15:35:29 - PHP Notice:  Undefined index: token in D:\xampp\htdocs\opencart3\upload\admin\controller\wallet\credit.php on line 121
2018-03-28 15:35:29 - PHP Notice:  Undefined index: token in D:\xampp\htdocs\opencart3\upload\admin\controller\wallet\credit.php on line 124
2018-03-28 15:35:29 - PHP Notice:  Undefined index: token in D:\xampp\htdocs\opencart3\upload\admin\controller\wallet\credit.php on line 125
2018-03-28 15:35:29 - PHP Notice:  Undefined index: token in D:\xampp\htdocs\opencart3\upload\admin\controller\wallet\credit.php on line 126
2018-03-28 15:35:29 - PHP Notice:  Undefined index: token in D:\xampp\htdocs\opencart3\upload\admin\controller\wallet\credit.php on line 161
2018-03-28 15:35:29 - PHP Notice:  Undefined index: token in D:\xampp\htdocs\opencart3\upload\admin\controller\wallet\credit.php on line 162
2018-03-28 15:35:29 - PHP Notice:  Undefined index: token in D:\xampp\htdocs\opencart3\upload\admin\controller\wallet\credit.php on line 161
2018-03-28 15:35:29 - PHP Notice:  Undefined index: token in D:\xampp\htdocs\opencart3\upload\admin\controller\wallet\credit.php on line 162
2018-03-28 15:35:29 - PHP Notice:  Undefined index: token in D:\xampp\htdocs\opencart3\upload\admin\controller\wallet\credit.php on line 225
2018-03-28 15:35:29 - PHP Notice:  Undefined index: token in D:\xampp\htdocs\opencart3\upload\admin\controller\wallet\credit.php on line 226
2018-03-28 15:35:29 - PHP Notice:  Undefined index: token in D:\xampp\htdocs\opencart3\upload\admin\controller\wallet\credit.php on line 242
2018-03-28 15:35:29 - PHP Notice:  Undefined index: token in D:\xampp\htdocs\opencart3\upload\admin\controller\wallet\credit.php on line 251
2018-03-28 15:36:13 - PHP Notice:  Undefined index: token in D:\xampp\htdocs\opencart3\upload\admin\controller\wallet\credit.php on line 116
2018-03-28 15:36:13 - PHP Notice:  Undefined index: token in D:\xampp\htdocs\opencart3\upload\admin\controller\wallet\credit.php on line 121
2018-03-28 15:36:13 - PHP Notice:  Undefined index: token in D:\xampp\htdocs\opencart3\upload\admin\controller\wallet\credit.php on line 124
2018-03-28 15:36:13 - PHP Notice:  Undefined index: token in D:\xampp\htdocs\opencart3\upload\admin\controller\wallet\credit.php on line 125
2018-03-28 15:36:13 - PHP Notice:  Undefined index: token in D:\xampp\htdocs\opencart3\upload\admin\controller\wallet\credit.php on line 126
2018-03-28 15:36:13 - PHP Notice:  Undefined index: token in D:\xampp\htdocs\opencart3\upload\admin\controller\wallet\credit.php on line 161
2018-03-28 15:36:13 - PHP Notice:  Undefined index: token in D:\xampp\htdocs\opencart3\upload\admin\controller\wallet\credit.php on line 162
2018-03-28 15:36:13 - PHP Notice:  Undefined index: token in D:\xampp\htdocs\opencart3\upload\admin\controller\wallet\credit.php on line 161
2018-03-28 15:36:13 - PHP Notice:  Undefined index: token in D:\xampp\htdocs\opencart3\upload\admin\controller\wallet\credit.php on line 162
2018-03-28 15:36:13 - PHP Notice:  Undefined index: token in D:\xampp\htdocs\opencart3\upload\admin\controller\wallet\credit.php on line 225
2018-03-28 15:36:13 - PHP Notice:  Undefined index: token in D:\xampp\htdocs\opencart3\upload\admin\controller\wallet\credit.php on line 226
2018-03-28 15:36:13 - PHP Notice:  Undefined index: token in D:\xampp\htdocs\opencart3\upload\admin\controller\wallet\credit.php on line 242
2018-03-28 15:36:13 - PHP Notice:  Undefined index: token in D:\xampp\htdocs\opencart3\upload\admin\controller\wallet\credit.php on line 251
